{"name": "test_48", "status": "broken", "statusDetails": {"message": "selenium.common.exceptions.TimeoutException: Message: \nStacktrace:\nBacktrace:\n\tOrdinal0 [0x00C1D343+3134275]\n\tOrdinal0 [0x00B0A131+2007345]\n\tOrdinal0 [0x009AAEC8+569032]\n\tOrdinal0 [0x0093A72F+108335]\n\tOrdinal0 [0x00959DB0+236976]\n\tOrdinal0 [0x0094EC90+191632]\n\tOrdinal0 [0x00958773+231283]\n\tOrdinal0 [0x0094EB0B+191243]\n\tOrdinal0 [0x00932E77+77431]\n\tOrdinal0 [0x00933E3E+81470]\n\tOrdinal0 [0x00933DC9+81353]\n\tOrdinal0 [0x00B20C99+2100377]\n\tGetHandleVerifier [0x00D8B71A+1396954]\n\tGetHandleVerifier [0x00D8B399+1396057]\n\tGetHandleVerifier [0x00D970E6+1444518]\n\tGetHandleVerifier [0x00D8BCA8+1398376]\n\tOrdinal0 [0x00B17F11+2064145]\n\tOrdinal0 [0x00B222AB+2106027]\n\tOrdinal0 [0x00B223D1+2106321]\n\tOrdinal0 [0x00B34984+2181508]\n\tBaseThreadInitThunk [0x74C26359+25]\n\tRtlGetAppContainerNamedObjectPath [0x77487C24+228]\n\tRtlGetAppContainerNamedObjectPath [0x77487BF4+180]", "trace": "self = <TestCase1.test_08.TestSystem object at 0x0071D388>\ndealer_session_login = <selenium.webdriver.chrome.webdriver.WebDriver (session=\"8c737a52ca5704a6262b3810ff99c636\")>\n\n    @pytest.mark.smoke\n    @allure.story(\"采购\")\n    def test_48(self, dealer_session_login):\n        self.driver = dealer_session_login\n>       subscribe = loc(self.driver).get_d()\n\ntest_08.py:43: \n_ _ _ _ _ _ _ _ _ _ _ _ _ _ _ _ _ _ _ _ _ _ _ _ _ _ _ _ _ _ _ _ _ _ _ _ _ _ _ _ _ _ _ _ _ _ _ _ _ _ _ _ _ _ _ _ _ _ _ _ _ _ _ _ _ _ _ _ _ _ _ _ _ _ _ _ _ _ _ _ _ _ \n..\\Locators\\DealerLocators\\purchase\\purchase.py:76: in get_d\n    self.click_element(self.click_xz, num=0)\n..\\Common\\basepage.py:48: in click_element\n    self.get_element(EC.element_to_be_clickable, locator, num).click()\n..\\Common\\basepage.py:32: in get_element\n    self.wait_vs(ec, locator)\n..\\Common\\basepage.py:18: in wait_vs\n    WebDriverWait(self.driver, timeout=10, poll_frequency=0.5).until(ec(locator))\n_ _ _ _ _ _ _ _ _ _ _ _ _ _ _ _ _ _ _ _ _ _ _ _ _ _ _ _ _ _ _ _ _ _ _ _ _ _ _ _ _ _ _ _ _ _ _ _ _ _ _ _ _ _ _ _ _ _ _ _ _ _ _ _ _ _ _ _ _ _ _ _ _ _ _ _ _ _ _ _ _ _ \n\nself = <selenium.webdriver.support.wait.WebDriverWait (session=\"8c737a52ca5704a6262b3810ff99c636\")>\nmethod = <function element_to_be_clickable.<locals>._predicate at 0x094A53D0>, message = ''\n\n    def until(self, method, message=''):\n        \"\"\"Calls the method provided with the driver as an argument until the \\\n        return value does not evaluate to ``False``.\n    \n        :param method: callable(WebDriver)\n        :param message: optional message for :exc:`TimeoutException`\n        :returns: the result of the last call to `method`\n        :raises: :exc:`selenium.common.exceptions.TimeoutException` if timeout occurs\n        \"\"\"\n        screen = None\n        stacktrace = None\n    \n        end_time = time.time() + self._timeout\n        while True:\n            try:\n                value = method(self._driver)\n                if value:\n                    return value\n            except self._ignored_exceptions as exc:\n                screen = getattr(exc, 'screen', None)\n                stacktrace = getattr(exc, 'stacktrace', None)\n            time.sleep(self._poll)\n            if time.time() > end_time:\n                break\n>       raise TimeoutException(message, screen, stacktrace)\nE       selenium.common.exceptions.TimeoutException: Message: \nE       Stacktrace:\nE       Backtrace:\nE       \tOrdinal0 [0x00C1D343+3134275]\nE       \tOrdinal0 [0x00B0A131+2007345]\nE       \tOrdinal0 [0x009AAEC8+569032]\nE       \tOrdinal0 [0x0093A72F+108335]\nE       \tOrdinal0 [0x00959DB0+236976]\nE       \tOrdinal0 [0x0094EC90+191632]\nE       \tOrdinal0 [0x00958773+231283]\nE       \tOrdinal0 [0x0094EB0B+191243]\nE       \tOrdinal0 [0x00932E77+77431]\nE       \tOrdinal0 [0x00933E3E+81470]\nE       \tOrdinal0 [0x00933DC9+81353]\nE       \tOrdinal0 [0x00B20C99+2100377]\nE       \tGetHandleVerifier [0x00D8B71A+1396954]\nE       \tGetHandleVerifier [0x00D8B399+1396057]\nE       \tGetHandleVerifier [0x00D970E6+1444518]\nE       \tGetHandleVerifier [0x00D8BCA8+1398376]\nE       \tOrdinal0 [0x00B17F11+2064145]\nE       \tOrdinal0 [0x00B222AB+2106027]\nE       \tOrdinal0 [0x00B223D1+2106321]\nE       \tOrdinal0 [0x00B34984+2181508]\nE       \tBaseThreadInitThunk [0x74C26359+25]\nE       \tRtlGetAppContainerNamedObjectPath [0x77487C24+228]\nE       \tRtlGetAppContainerNamedObjectPath [0x77487BF4+180]\n\n..\\venv\\lib\\site-packages\\selenium\\webdriver\\support\\wait.py:87: TimeoutException"}, "start": 1602812927542, "stop": 1602812948230, "uuid": "519f35ec-a038-405b-9ce3-90c9cc6e8606", "historyId": "aebea6806f3c17484505b6ab039a6d8b", "testCaseId": "f7db0b30067edc842059c452cbb154bf", "fullName": "test_08.TestSystem#test_48", "labels": [{"name": "story", "value": "采购"}, {"name": "tag", "value": "smoke"}, {"name": "suite", "value": "test_08"}, {"name": "subSuite", "value": "TestSystem"}, {"name": "host", "value": "DESKTOP-BQG3M1K"}, {"name": "thread", "value": "17140-MainThread"}, {"name": "framework", "value": "pytest"}, {"name": "language", "value": "cpython3"}, {"name": "package", "value": "test_08"}]}