{"name": "test_02[data0]", "status": "failed", "statusDetails": {"message": "AssertionError: assert '修改测试项目' == '自动化测试项目'\n  - 自动化测试项目\n  + 修改测试项目", "trace": "self = <TestCase.test_system.system_test.TestSystem object at 0x0415AFB8>\nstart_module = <selenium.webdriver.chrome.webdriver.WebDriver (session=\"554a6165ee21b89a7c55e7623d89eaf6\")>, data = {'add_name': '自动化测试项目', 'name': '正常用例'}\n\n    @pytest.mark.smoke\n    @pytest.mark.parametrize(\"data\", LD.add_name)\n    def test_02(self, start_module, data):\n        self.driver = start_module\n        loc_add = loc(self.driver).get_add_sub(data[\"add_name\"])\n>       assert loc_add == data[\"add_name\"]\nE       AssertionError: assert '修改测试项目' == '自动化测试项目'\nE         - 自动化测试项目\nE         + 修改测试项目\n\ntest_system\\system_test.py:19: AssertionError"}, "parameters": [{"name": "data", "value": "{'name': '正常用例', 'add_name': '自动化测试项目'}"}], "start": 1599810096666, "stop": 1599810099240, "uuid": "c0b3987f-193c-4c93-a8f6-3eeaba84df0c", "historyId": "cdd7a2b50dca990b0b92d78a2cd97dbc", "testCaseId": "15374a32a324a5c1cfc270517e827216", "fullName": "test_system.system_test.TestSystem#test_02", "labels": [{"name": "tag", "value": "smoke"}, {"name": "parentSuite", "value": "test_system"}, {"name": "suite", "value": "system_test"}, {"name": "subSuite", "value": "TestSystem"}, {"name": "host", "value": "DESKTOP-BQG3M1K"}, {"name": "thread", "value": "11788-MainThread"}, {"name": "framework", "value": "pytest"}, {"name": "language", "value": "cpython3"}, {"name": "package", "value": "test_system.system_test"}]}