{"name": "test_21[data0]", "status": "broken", "statusDetails": {"message": "selenium.common.exceptions.TimeoutException: Message: \nStacktrace:\nBacktrace:\n\tOrdinal0 [0x00F6D343+3134275]\n\tOrdinal0 [0x00E5A131+2007345]\n\tOrdinal0 [0x00CFAEC8+569032]\n\tOrdinal0 [0x00C8A72F+108335]\n\tOrdinal0 [0x00CA9DB0+236976]\n\tOrdinal0 [0x00C9EC90+191632]\n\tOrdinal0 [0x00CA8773+231283]\n\tOrdinal0 [0x00C9EB0B+191243]\n\tOrdinal0 [0x00C82E77+77431]\n\tOrdinal0 [0x00C83E3E+81470]\n\tOrdinal0 [0x00C83DC9+81353]\n\tOrdinal0 [0x00E70C99+2100377]\n\tGetHandleVerifier [0x010DB71A+1396954]\n\tGetHandleVerifier [0x010DB399+1396057]\n\tGetHandleVerifier [0x010E70E6+1444518]\n\tGetHandleVerifier [0x010DBCA8+1398376]\n\tOrdinal0 [0x00E67F11+2064145]\n\tOrdinal0 [0x00E722AB+2106027]\n\tOrdinal0 [0x00E723D1+2106321]\n\tOrdinal0 [0x00E84984+2181508]\n\tBaseThreadInitThunk [0x74C26359+25]\n\tRtlGetAppContainerNamedObjectPath [0x77487C24+228]\n\tRtlGetAppContainerNamedObjectPath [0x77487BF4+180]", "trace": "self = <TestCase.test_05.TestSystem object at 0x09787C88>\nsession_login = <selenium.webdriver.chrome.webdriver.WebDriver (session=\"7a9ad347d2bc0b4b92ff33a8faf9ad77\")>, data = {'alter_name': '修改测试项目'}\n\n    @allure.story(\"供应商信息\")\n    @pytest.mark.smoke\n    @pytest.mark.parametrize(\"data\", LD.alter_name)\n    def test_21(self, session_login, data):\n        self.driver = session_login\n>       search = loc_supplier(self.driver).alter_supplier(data[\"alter_name\"])\n\ntest_05.py:29: \n_ _ _ _ _ _ _ _ _ _ _ _ _ _ _ _ _ _ _ _ _ _ _ _ _ _ _ _ _ _ _ _ _ _ _ _ _ _ _ _ _ _ _ _ _ _ _ _ _ _ _ _ _ _ _ _ _ _ _ _ _ _ _ _ _ _ _ _ _ _ _ _ _ _ _ _ _ _ _ _ _ _ \n..\\Locators\\LabLocators\\system\\supplier.py:55: in alter_supplier\n    self.click_element(self.click_normal)\n..\\Common\\basepage.py:46: in click_element\n    self.get_element(EC.element_to_be_clickable, locator).click()\n..\\Common\\basepage.py:29: in get_element\n    self.wait_vs(ec, locator)\n..\\Common\\basepage.py:18: in wait_vs\n    WebDriverWait(self.driver, timeout=10, poll_frequency=0.5).until(ec(locator))\n_ _ _ _ _ _ _ _ _ _ _ _ _ _ _ _ _ _ _ _ _ _ _ _ _ _ _ _ _ _ _ _ _ _ _ _ _ _ _ _ _ _ _ _ _ _ _ _ _ _ _ _ _ _ _ _ _ _ _ _ _ _ _ _ _ _ _ _ _ _ _ _ _ _ _ _ _ _ _ _ _ _ \n\nself = <selenium.webdriver.support.wait.WebDriverWait (session=\"7a9ad347d2bc0b4b92ff33a8faf9ad77\")>\nmethod = <function element_to_be_clickable.<locals>._predicate at 0x00A00A00>, message = ''\n\n    def until(self, method, message=''):\n        \"\"\"Calls the method provided with the driver as an argument until the \\\n        return value does not evaluate to ``False``.\n    \n        :param method: callable(WebDriver)\n        :param message: optional message for :exc:`TimeoutException`\n        :returns: the result of the last call to `method`\n        :raises: :exc:`selenium.common.exceptions.TimeoutException` if timeout occurs\n        \"\"\"\n        screen = None\n        stacktrace = None\n    \n        end_time = time.time() + self._timeout\n        while True:\n            try:\n                value = method(self._driver)\n                if value:\n                    return value\n            except self._ignored_exceptions as exc:\n                screen = getattr(exc, 'screen', None)\n                stacktrace = getattr(exc, 'stacktrace', None)\n            time.sleep(self._poll)\n            if time.time() > end_time:\n                break\n>       raise TimeoutException(message, screen, stacktrace)\nE       selenium.common.exceptions.TimeoutException: Message: \nE       Stacktrace:\nE       Backtrace:\nE       \tOrdinal0 [0x00F6D343+3134275]\nE       \tOrdinal0 [0x00E5A131+2007345]\nE       \tOrdinal0 [0x00CFAEC8+569032]\nE       \tOrdinal0 [0x00C8A72F+108335]\nE       \tOrdinal0 [0x00CA9DB0+236976]\nE       \tOrdinal0 [0x00C9EC90+191632]\nE       \tOrdinal0 [0x00CA8773+231283]\nE       \tOrdinal0 [0x00C9EB0B+191243]\nE       \tOrdinal0 [0x00C82E77+77431]\nE       \tOrdinal0 [0x00C83E3E+81470]\nE       \tOrdinal0 [0x00C83DC9+81353]\nE       \tOrdinal0 [0x00E70C99+2100377]\nE       \tGetHandleVerifier [0x010DB71A+1396954]\nE       \tGetHandleVerifier [0x010DB399+1396057]\nE       \tGetHandleVerifier [0x010E70E6+1444518]\nE       \tGetHandleVerifier [0x010DBCA8+1398376]\nE       \tOrdinal0 [0x00E67F11+2064145]\nE       \tOrdinal0 [0x00E722AB+2106027]\nE       \tOrdinal0 [0x00E723D1+2106321]\nE       \tOrdinal0 [0x00E84984+2181508]\nE       \tBaseThreadInitThunk [0x74C26359+25]\nE       \tRtlGetAppContainerNamedObjectPath [0x77487C24+228]\nE       \tRtlGetAppContainerNamedObjectPath [0x77487BF4+180]\n\n..\\venv\\lib\\site-packages\\selenium\\webdriver\\support\\wait.py:87: TimeoutException"}, "parameters": [{"name": "data", "value": "{'alter_name': '修改测试项目'}"}], "start": 1602724929553, "stop": 1602724950086, "uuid": "5dc35e70-f4eb-4643-8875-af3e811d9d11", "historyId": "c00fb615da006f57599ce730d79a7fa5", "testCaseId": "ef167af386ea0302c92e24ff618673ce", "fullName": "test_05.TestSystem#test_21", "labels": [{"name": "story", "value": "供应商信息"}, {"name": "tag", "value": "smoke"}, {"name": "suite", "value": "test_05"}, {"name": "subSuite", "value": "TestSystem"}, {"name": "host", "value": "DESKTOP-BQG3M1K"}, {"name": "thread", "value": "17852-MainThread"}, {"name": "framework", "value": "pytest"}, {"name": "language", "value": "cpython3"}, {"name": "package", "value": "test_05"}]}