{"name": "test_19", "status": "broken", "statusDetails": {"message": "selenium.common.exceptions.WebDriverException: Message: unknown error: cannot find Chrome binary\nStacktrace:\nBacktrace:\n\tOrdinal0 [0x0075D343+3134275]\n\tOrdinal0 [0x0064A131+2007345]\n\tOrdinal0 [0x004EAEC8+569032]\n\tOrdinal0 [0x0046C9B7+51639]\n\tOrdinal0 [0x00490DFC+200188]\n\tOrdinal0 [0x00490C1D+199709]\n\tOrdinal0 [0x0048EB0B+191243]\n\tOrdinal0 [0x00472E77+77431]\n\tOrdinal0 [0x00473E3E+81470]\n\tOrdinal0 [0x00473DC9+81353]\n\tOrdinal0 [0x00660C99+2100377]\n\tGetHandleVerifier [0x008CB71A+1396954]\n\tGetHandleVerifier [0x008CB399+1396057]\n\tGetHandleVerifier [0x008D70E6+1444518]\n\tGetHandleVerifier [0x008CBCA8+1398376]\n\tOrdinal0 [0x00657F11+2064145]\n\tOrdinal0 [0x006622AB+2106027]\n\tOrdinal0 [0x006623D1+2106321]\n\tOrdinal0 [0x00674984+2181508]\n\tBaseThreadInitThunk [0x772B6359+25]\n\tRtlGetAppContainerNamedObjectPath [0x778A7C24+228]\n\tRtlGetAppContainerNamedObjectPath [0x778A7BF4+180]", "trace": "@pytest.fixture(scope=\"session\")\n    def session_login():\n        chromedriver = PATH(\"../../software/chromedriver.exe\")\n        os.environ['webdriver.chrome.driver'] = chromedriver\n        global driver\n>       driver = webdriver.Chrome(chromedriver)\n\nconftest.py:17: \n_ _ _ _ _ _ _ _ _ _ _ _ _ _ _ _ _ _ _ _ _ _ _ _ _ _ _ _ _ _ _ _ _ _ _ _ _ _ _ _\nd:\\program files (x86)\\lib\\site-packages\\selenium\\webdriver\\chrome\\webdriver.py:64: in __init__\n    super(WebDriver, self).__init__(DesiredCapabilities.CHROME['browserName'], \"goog\",\nd:\\program files (x86)\\lib\\site-packages\\selenium\\webdriver\\chromium\\webdriver.py:79: in __init__\n    RemoteWebDriver.__init__(\nd:\\program files (x86)\\lib\\site-packages\\selenium\\webdriver\\remote\\webdriver.py:183: in __init__\n    self.start_session(capabilities, browser_profile)\nd:\\program files (x86)\\lib\\site-packages\\selenium\\webdriver\\remote\\webdriver.py:280: in start_session\n    response = self.execute(Command.NEW_SESSION, parameters)\nd:\\program files (x86)\\lib\\site-packages\\selenium\\webdriver\\remote\\webdriver.py:349: in execute\n    self.error_handler.check_response(response)\n_ _ _ _ _ _ _ _ _ _ _ _ _ _ _ _ _ _ _ _ _ _ _ _ _ _ _ _ _ _ _ _ _ _ _ _ _ _ _ _\n\nself = <selenium.webdriver.remote.errorhandler.ErrorHandler object at 0x0849D970>\nresponse = {'status': 500, 'value': '{\"value\":{\"error\":\"unknown error\",\"message\":\"unknown error: cannot find Chrome binary\",\"stac...\\n\\\\tRtlGetAppContainerNamedObjectPath [0x778A7C24+228]\\\\n\\\\tRtlGetAppContainerNamedObjectPath [0x778A7BF4+180]\\\\n\"}}'}\n\n    def check_response(self, response):\n        \"\"\"\n        Checks that a JSON response from the WebDriver does not have an error.\n    \n        :Args:\n         - response - The JSON response from the WebDriver server as a dictionary\n           object.\n    \n        :Raises: If the response contains an error message.\n        \"\"\"\n        status = response.get('status', None)\n        if status is None or status == ErrorCode.SUCCESS:\n            return\n        value = None\n        message = response.get(\"message\", \"\")\n        screen = response.get(\"screen\", \"\")\n        stacktrace = None\n        if isinstance(status, int):\n            value_json = response.get('value', None)\n            if value_json and isinstance(value_json, basestring):\n                import json\n                try:\n                    value = json.loads(value_json)\n                    if len(value.keys()) == 1:\n                        value = value['value']\n                    status = value.get('error', None)\n                    if status is None:\n                        status = value[\"status\"]\n                        message = value[\"value\"]\n                        if not isinstance(message, basestring):\n                            value = message\n                            message = message.get('message')\n                    else:\n                        message = value.get('message', None)\n                except ValueError:\n                    pass\n    \n        if status in ErrorCode.NO_SUCH_ELEMENT:\n            exception_class = NoSuchElementException\n        elif status in ErrorCode.NO_SUCH_FRAME:\n            exception_class = NoSuchFrameException\n        elif status in ErrorCode.NO_SUCH_WINDOW:\n            exception_class = NoSuchWindowException\n        elif status in ErrorCode.STALE_ELEMENT_REFERENCE:\n            exception_class = StaleElementReferenceException\n        elif status in ErrorCode.ELEMENT_NOT_VISIBLE:\n            exception_class = ElementNotVisibleException\n        elif status in ErrorCode.INVALID_ELEMENT_STATE:\n            exception_class = InvalidElementStateException\n        elif status in ErrorCode.INVALID_SELECTOR \\\n                or status in ErrorCode.INVALID_XPATH_SELECTOR \\\n                or status in ErrorCode.INVALID_XPATH_SELECTOR_RETURN_TYPER:\n            exception_class = InvalidSelectorException\n        elif status in ErrorCode.ELEMENT_IS_NOT_SELECTABLE:\n            exception_class = ElementNotSelectableException\n        elif status in ErrorCode.ELEMENT_NOT_INTERACTABLE:\n            exception_class = ElementNotInteractableException\n        elif status in ErrorCode.INVALID_COOKIE_DOMAIN:\n            exception_class = InvalidCookieDomainException\n        elif status in ErrorCode.UNABLE_TO_SET_COOKIE:\n            exception_class = UnableToSetCookieException\n        elif status in ErrorCode.TIMEOUT:\n            exception_class = TimeoutException\n        elif status in ErrorCode.SCRIPT_TIMEOUT:\n            exception_class = TimeoutException\n        elif status in ErrorCode.UNKNOWN_ERROR:\n            exception_class = WebDriverException\n        elif status in ErrorCode.UNEXPECTED_ALERT_OPEN:\n            exception_class = UnexpectedAlertPresentException\n        elif status in ErrorCode.NO_ALERT_OPEN:\n            exception_class = NoAlertPresentException\n        elif status in ErrorCode.IME_NOT_AVAILABLE:\n            exception_class = ImeNotAvailableException\n        elif status in ErrorCode.IME_ENGINE_ACTIVATION_FAILED:\n            exception_class = ImeActivationFailedException\n        elif status in ErrorCode.MOVE_TARGET_OUT_OF_BOUNDS:\n            exception_class = MoveTargetOutOfBoundsException\n        elif status in ErrorCode.JAVASCRIPT_ERROR:\n            exception_class = JavascriptException\n        elif status in ErrorCode.SESSION_NOT_CREATED:\n            exception_class = SessionNotCreatedException\n        elif status in ErrorCode.INVALID_ARGUMENT:\n            exception_class = InvalidArgumentException\n        elif status in ErrorCode.NO_SUCH_COOKIE:\n            exception_class = NoSuchCookieException\n        elif status in ErrorCode.UNABLE_TO_CAPTURE_SCREEN:\n            exception_class = ScreenshotException\n        elif status in ErrorCode.ELEMENT_CLICK_INTERCEPTED:\n            exception_class = ElementClickInterceptedException\n        elif status in ErrorCode.INSECURE_CERTIFICATE:\n            exception_class = InsecureCertificateException\n        elif status in ErrorCode.INVALID_COORDINATES:\n            exception_class = InvalidCoordinatesException\n        elif status in ErrorCode.INVALID_SESSION_ID:\n            exception_class = InvalidSessionIdException\n        elif status in ErrorCode.UNKNOWN_METHOD:\n            exception_class = UnknownMethodException\n        else:\n            exception_class = WebDriverException\n        if value == '' or value is None:\n            value = response['value']\n        if isinstance(value, basestring):\n            raise exception_class(value)\n        if message == \"\" and 'message' in value:\n            message = value['message']\n    \n        screen = None\n        if 'screen' in value:\n            screen = value['screen']\n    \n        stacktrace = None\n        st_value = value.get('stackTrace') or value.get('stacktrace')\n        if st_value:\n            if isinstance(st_value, basestring):\n                stacktrace = st_value.split('\\n')\n            else:\n                stacktrace = []\n                try:\n                    for frame in st_value:\n                        line = self._value_or_default(frame, 'lineNumber', '')\n                        file = self._value_or_default(frame, 'fileName', '<anonymous>')\n                        if line:\n                            file = \"%s:%s\" % (file, line)\n                        meth = self._value_or_default(frame, 'methodName', '<anonymous>')\n                        if 'className' in frame:\n                            meth = \"%s.%s\" % (frame['className'], meth)\n                        msg = \"    at %s (%s)\"\n                        msg = msg % (meth, file)\n                        stacktrace.append(msg)\n                except TypeError:\n                    pass\n        if exception_class == UnexpectedAlertPresentException:\n            alert_text = None\n            if 'data' in value:\n                alert_text = value['data'].get('text')\n            elif 'alert' in value:\n                alert_text = value['alert'].get('text')\n            raise exception_class(message, screen, stacktrace, alert_text)\n>       raise exception_class(message, screen, stacktrace)\nE       selenium.common.exceptions.WebDriverException: Message: unknown error: cannot find Chrome binary\nE       Stacktrace:\nE       Backtrace:\nE       \tOrdinal0 [0x0075D343+3134275]\nE       \tOrdinal0 [0x0064A131+2007345]\nE       \tOrdinal0 [0x004EAEC8+569032]\nE       \tOrdinal0 [0x0046C9B7+51639]\nE       \tOrdinal0 [0x00490DFC+200188]\nE       \tOrdinal0 [0x00490C1D+199709]\nE       \tOrdinal0 [0x0048EB0B+191243]\nE       \tOrdinal0 [0x00472E77+77431]\nE       \tOrdinal0 [0x00473E3E+81470]\nE       \tOrdinal0 [0x00473DC9+81353]\nE       \tOrdinal0 [0x00660C99+2100377]\nE       \tGetHandleVerifier [0x008CB71A+1396954]\nE       \tGetHandleVerifier [0x008CB399+1396057]\nE       \tGetHandleVerifier [0x008D70E6+1444518]\nE       \tGetHandleVerifier [0x008CBCA8+1398376]\nE       \tOrdinal0 [0x00657F11+2064145]\nE       \tOrdinal0 [0x006622AB+2106027]\nE       \tOrdinal0 [0x006623D1+2106321]\nE       \tOrdinal0 [0x00674984+2181508]\nE       \tBaseThreadInitThunk [0x772B6359+25]\nE       \tRtlGetAppContainerNamedObjectPath [0x778A7C24+228]\nE       \tRtlGetAppContainerNamedObjectPath [0x778A7BF4+180]\n\nd:\\program files (x86)\\lib\\site-packages\\selenium\\webdriver\\remote\\errorhandler.py:240: WebDriverException"}, "start": 1601459994458, "stop": 1601459994458, "uuid": "bf56f7f8-cc74-485b-9f28-3565400d3e10", "historyId": "2e314a9a8048d6c72f96998ab22f1a6d", "testCaseId": "7f8a4ac09041dfbab8f9e2640d4103c4", "fullName": "lab_test.test_02.TestReagent#test_19", "labels": [{"name": "story", "value": "领用"}, {"name": "tag", "value": "smoke"}, {"name": "parentSuite", "value": "lab_test"}, {"name": "suite", "value": "test_02"}, {"name": "subSuite", "value": "TestReagent"}, {"name": "host", "value": "DESKTOP-BQG3M1K"}, {"name": "thread", "value": "20564-MainThread"}, {"name": "framework", "value": "pytest"}, {"name": "language", "value": "cpython3"}, {"name": "package", "value": "lab_test.test_02"}]}