{
  "uid" : "484d98f29e3f33d5",
  "name" : "test_02[data0]",
  "fullName" : "system_test.TestSystem#test_02",
  "historyId" : "113d876f58bcc326ec0b3187d110f26a",
  "time" : {
    "start" : 1599732237137,
    "stop" : 1599732237137,
    "duration" : 0
  },
  "status" : "broken",
  "statusMessage" : "selenium.common.exceptions.NoSuchElementException: Message: no such element: Unable to locate element: {\"method\":\"css selector\",\"selector\":\".card_wrap_icon\"}\n  (Session info: chrome=83.0.4103.106)\nStacktrace:\nBacktrace:\n\tOrdinal0 [0x00E59443+2724931]\n\tOrdinal0 [0x00D58421+1672225]\n\tOrdinal0 [0x00C40339+525113]\n\tOrdinal0 [0x00BD9755+104277]\n\tOrdinal0 [0x00BF53C0+218048]\n\tOrdinal0 [0x00BEAAD0+174800]\n\tOrdinal0 [0x00BF3D7C+212348]\n\tOrdinal0 [0x00BEA94B+174411]\n\tOrdinal0 [0x00BD2528+75048]\n\tOrdinal0 [0x00BD35A0+79264]\n\tOrdinal0 [0x00BD3539+79161]\n\tOrdinal0 [0x00D6D4D7+1758423]\n\tGetHandleVerifier [0x00F75D96+1050070]\n\tGetHandleVerifier [0x00F75AE1+1049377]\n\tGetHandleVerifier [0x00F80927+1093991]\n\tGetHandleVerifier [0x00F76396+1051606]\n\tOrdinal0 [0x00D659D6+1726934]\n\tOrdinal0 [0x00D6EA4B+1763915]\n\tOrdinal0 [0x00D6EBB3+1764275]\n\tOrdinal0 [0x00D84AD5+1854165]\n\tBaseThreadInitThunk [0x77756359+25]\n\tRtlGetAppContainerNamedObjectPath [0x77AA7C24+228]\n\tRtlGetAppContainerNamedObjectPath [0x77AA7BF4+180]",
  "statusTrace" : "project_session_login = <selenium.webdriver.chrome.webdriver.WebDriver (session=\"a9f33d60f4e627d5c83a4e57a1467ac1\")>\n\n    @pytest.fixture(scope=\"class\")\n    def start_module(project_session_login):\n        global driver\n        driver = project_session_login\n        driver.implicitly_wait(20)\n>       loc(driver).get_system()\n\nconftest.py:11: \n_ _ _ _ _ _ _ _ _ _ _ _ _ _ _ _ _ _ _ _ _ _ _ _ _ _ _ _ _ _ _ _ _ _ _ _ _ _ _ _ _ _ _ _ _ _ _ _ _ _ _ _ _ _ _ _ _ _ _ _ _ _ _ _ _ _ _ _ _ _ _ _ _ _ _ _ _ _ _ _ _ _ _ \n..\\..\\Locators\\SystemLocators\\system_locators.py:13: in get_system\n    self.driver.find_element(*self.click_subscribe).click()\nd:\\program files (x86)\\lib\\site-packages\\selenium\\webdriver\\remote\\webdriver.py:1094: in find_element\n    return self.execute(Command.FIND_ELEMENT, {\nd:\\program files (x86)\\lib\\site-packages\\selenium\\webdriver\\remote\\webdriver.py:349: in execute\n    self.error_handler.check_response(response)\n_ _ _ _ _ _ _ _ _ _ _ _ _ _ _ _ _ _ _ _ _ _ _ _ _ _ _ _ _ _ _ _ _ _ _ _ _ _ _ _ _ _ _ _ _ _ _ _ _ _ _ _ _ _ _ _ _ _ _ _ _ _ _ _ _ _ _ _ _ _ _ _ _ _ _ _ _ _ _ _ _ _ _ \n\nself = <selenium.webdriver.remote.errorhandler.ErrorHandler object at 0x0431CB38>\nresponse = {'status': 404, 'value': '{\"value\":{\"error\":\"no such element\",\"message\":\"no such element: Unable to locate element: {\\...\\n\\\\tRtlGetAppContainerNamedObjectPath [0x77AA7C24+228]\\\\n\\\\tRtlGetAppContainerNamedObjectPath [0x77AA7BF4+180]\\\\n\"}}'}\n\n    def check_response(self, response):\n        \"\"\"\n        Checks that a JSON response from the WebDriver does not have an error.\n    \n        :Args:\n         - response - The JSON response from the WebDriver server as a dictionary\n           object.\n    \n        :Raises: If the response contains an error message.\n        \"\"\"\n        status = response.get('status', None)\n        if status is None or status == ErrorCode.SUCCESS:\n            return\n        value = None\n        message = response.get(\"message\", \"\")\n        screen = response.get(\"screen\", \"\")\n        stacktrace = None\n        if isinstance(status, int):\n            value_json = response.get('value', None)\n            if value_json and isinstance(value_json, basestring):\n                import json\n                try:\n                    value = json.loads(value_json)\n                    if len(value.keys()) == 1:\n                        value = value['value']\n                    status = value.get('error', None)\n                    if status is None:\n                        status = value[\"status\"]\n                        message = value[\"value\"]\n                        if not isinstance(message, basestring):\n                            value = message\n                            message = message.get('message')\n                    else:\n                        message = value.get('message', None)\n                except ValueError:\n                    pass\n    \n        if status in ErrorCode.NO_SUCH_ELEMENT:\n            exception_class = NoSuchElementException\n        elif status in ErrorCode.NO_SUCH_FRAME:\n            exception_class = NoSuchFrameException\n        elif status in ErrorCode.NO_SUCH_WINDOW:\n            exception_class = NoSuchWindowException\n        elif status in ErrorCode.STALE_ELEMENT_REFERENCE:\n            exception_class = StaleElementReferenceException\n        elif status in ErrorCode.ELEMENT_NOT_VISIBLE:\n            exception_class = ElementNotVisibleException\n        elif status in ErrorCode.INVALID_ELEMENT_STATE:\n            exception_class = InvalidElementStateException\n        elif status in ErrorCode.INVALID_SELECTOR \\\n                or status in ErrorCode.INVALID_XPATH_SELECTOR \\\n                or status in ErrorCode.INVALID_XPATH_SELECTOR_RETURN_TYPER:\n            exception_class = InvalidSelectorException\n        elif status in ErrorCode.ELEMENT_IS_NOT_SELECTABLE:\n            exception_class = ElementNotSelectableException\n        elif status in ErrorCode.ELEMENT_NOT_INTERACTABLE:\n            exception_class = ElementNotInteractableException\n        elif status in ErrorCode.INVALID_COOKIE_DOMAIN:\n            exception_class = InvalidCookieDomainException\n        elif status in ErrorCode.UNABLE_TO_SET_COOKIE:\n            exception_class = UnableToSetCookieException\n        elif status in ErrorCode.TIMEOUT:\n            exception_class = TimeoutException\n        elif status in ErrorCode.SCRIPT_TIMEOUT:\n            exception_class = TimeoutException\n        elif status in ErrorCode.UNKNOWN_ERROR:\n            exception_class = WebDriverException\n        elif status in ErrorCode.UNEXPECTED_ALERT_OPEN:\n            exception_class = UnexpectedAlertPresentException\n        elif status in ErrorCode.NO_ALERT_OPEN:\n            exception_class = NoAlertPresentException\n        elif status in ErrorCode.IME_NOT_AVAILABLE:\n            exception_class = ImeNotAvailableException\n        elif status in ErrorCode.IME_ENGINE_ACTIVATION_FAILED:\n            exception_class = ImeActivationFailedException\n        elif status in ErrorCode.MOVE_TARGET_OUT_OF_BOUNDS:\n            exception_class = MoveTargetOutOfBoundsException\n        elif status in ErrorCode.JAVASCRIPT_ERROR:\n            exception_class = JavascriptException\n        elif status in ErrorCode.SESSION_NOT_CREATED:\n            exception_class = SessionNotCreatedException\n        elif status in ErrorCode.INVALID_ARGUMENT:\n            exception_class = InvalidArgumentException\n        elif status in ErrorCode.NO_SUCH_COOKIE:\n            exception_class = NoSuchCookieException\n        elif status in ErrorCode.UNABLE_TO_CAPTURE_SCREEN:\n            exception_class = ScreenshotException\n        elif status in ErrorCode.ELEMENT_CLICK_INTERCEPTED:\n            exception_class = ElementClickInterceptedException\n        elif status in ErrorCode.INSECURE_CERTIFICATE:\n            exception_class = InsecureCertificateException\n        elif status in ErrorCode.INVALID_COORDINATES:\n            exception_class = InvalidCoordinatesException\n        elif status in ErrorCode.INVALID_SESSION_ID:\n            exception_class = InvalidSessionIdException\n        elif status in ErrorCode.UNKNOWN_METHOD:\n            exception_class = UnknownMethodException\n        else:\n            exception_class = WebDriverException\n        if value == '' or value is None:\n            value = response['value']\n        if isinstance(value, basestring):\n            raise exception_class(value)\n        if message == \"\" and 'message' in value:\n            message = value['message']\n    \n        screen = None\n        if 'screen' in value:\n            screen = value['screen']\n    \n        stacktrace = None\n        st_value = value.get('stackTrace') or value.get('stacktrace')\n        if st_value:\n            if isinstance(st_value, basestring):\n                stacktrace = st_value.split('\\n')\n            else:\n                stacktrace = []\n                try:\n                    for frame in st_value:\n                        line = self._value_or_default(frame, 'lineNumber', '')\n                        file = self._value_or_default(frame, 'fileName', '<anonymous>')\n                        if line:\n                            file = \"%s:%s\" % (file, line)\n                        meth = self._value_or_default(frame, 'methodName', '<anonymous>')\n                        if 'className' in frame:\n                            meth = \"%s.%s\" % (frame['className'], meth)\n                        msg = \"    at %s (%s)\"\n                        msg = msg % (meth, file)\n                        stacktrace.append(msg)\n                except TypeError:\n                    pass\n        if exception_class == UnexpectedAlertPresentException:\n            alert_text = None\n            if 'data' in value:\n                alert_text = value['data'].get('text')\n            elif 'alert' in value:\n                alert_text = value['alert'].get('text')\n            raise exception_class(message, screen, stacktrace, alert_text)\n>       raise exception_class(message, screen, stacktrace)\nE       selenium.common.exceptions.NoSuchElementException: Message: no such element: Unable to locate element: {\"method\":\"css selector\",\"selector\":\".card_wrap_icon\"}\nE         (Session info: chrome=83.0.4103.106)\nE       Stacktrace:\nE       Backtrace:\nE       \tOrdinal0 [0x00E59443+2724931]\nE       \tOrdinal0 [0x00D58421+1672225]\nE       \tOrdinal0 [0x00C40339+525113]\nE       \tOrdinal0 [0x00BD9755+104277]\nE       \tOrdinal0 [0x00BF53C0+218048]\nE       \tOrdinal0 [0x00BEAAD0+174800]\nE       \tOrdinal0 [0x00BF3D7C+212348]\nE       \tOrdinal0 [0x00BEA94B+174411]\nE       \tOrdinal0 [0x00BD2528+75048]\nE       \tOrdinal0 [0x00BD35A0+79264]\nE       \tOrdinal0 [0x00BD3539+79161]\nE       \tOrdinal0 [0x00D6D4D7+1758423]\nE       \tGetHandleVerifier [0x00F75D96+1050070]\nE       \tGetHandleVerifier [0x00F75AE1+1049377]\nE       \tGetHandleVerifier [0x00F80927+1093991]\nE       \tGetHandleVerifier [0x00F76396+1051606]\nE       \tOrdinal0 [0x00D659D6+1726934]\nE       \tOrdinal0 [0x00D6EA4B+1763915]\nE       \tOrdinal0 [0x00D6EBB3+1764275]\nE       \tOrdinal0 [0x00D84AD5+1854165]\nE       \tBaseThreadInitThunk [0x77756359+25]\nE       \tRtlGetAppContainerNamedObjectPath [0x77AA7C24+228]\nE       \tRtlGetAppContainerNamedObjectPath [0x77AA7BF4+180]\n\nd:\\program files (x86)\\lib\\site-packages\\selenium\\webdriver\\remote\\errorhandler.py:240: NoSuchElementException",
  "flaky" : false,
  "newFailed" : false,
  "beforeStages" : [ {
    "name" : "django_db_blocker",
    "time" : {
      "start" : 1599732204437,
      "stop" : 1599732204437,
      "duration" : 0
    },
    "status" : "passed",
    "steps" : [ ],
    "attachments" : [ ],
    "parameters" : [ ],
    "stepsCount" : 0,
    "hasContent" : false,
    "attachmentsCount" : 0,
    "shouldDisplayMessage" : false
  }, {
    "name" : "project_session_login",
    "time" : {
      "start" : 1599732204437,
      "stop" : 1599732216885,
      "duration" : 12448
    },
    "status" : "passed",
    "steps" : [ ],
    "attachments" : [ ],
    "parameters" : [ ],
    "stepsCount" : 0,
    "hasContent" : false,
    "attachmentsCount" : 0,
    "shouldDisplayMessage" : false
  }, {
    "name" : "_django_setup_unittest",
    "time" : {
      "start" : 1599732216885,
      "stop" : 1599732216885,
      "duration" : 0
    },
    "status" : "passed",
    "steps" : [ ],
    "attachments" : [ ],
    "parameters" : [ ],
    "stepsCount" : 0,
    "hasContent" : false,
    "attachmentsCount" : 0,
    "shouldDisplayMessage" : false
  }, {
    "name" : "django_test_environment",
    "time" : {
      "start" : 1599732204436,
      "stop" : 1599732204436,
      "duration" : 0
    },
    "status" : "passed",
    "steps" : [ ],
    "attachments" : [ ],
    "parameters" : [ ],
    "stepsCount" : 0,
    "hasContent" : false,
    "attachmentsCount" : 0,
    "shouldDisplayMessage" : false
  }, {
    "name" : "_fail_for_invalid_template_variable",
    "time" : {
      "start" : 1599732204436,
      "stop" : 1599732204436,
      "duration" : 0
    },
    "status" : "passed",
    "steps" : [ ],
    "attachments" : [ ],
    "parameters" : [ ],
    "stepsCount" : 0,
    "hasContent" : false,
    "attachmentsCount" : 0,
    "shouldDisplayMessage" : false
  }, {
    "name" : "start_module",
    "time" : {
      "start" : 1599732216885,
      "stop" : 1599732236905,
      "duration" : 20020
    },
    "status" : "broken",
    "statusMessage" : "selenium.common.exceptions.NoSuchElementException: Message: no such element: Unable to locate element: {\"method\":\"css selector\",\"selector\":\".card_wrap_icon\"}\n  (Session info: chrome=83.0.4103.106)\nStacktrace:\nBacktrace:\n\tOrdinal0 [0x00E59443+2724931]\n\tOrdinal0 [0x00D58421+1672225]\n\tOrdinal0 [0x00C40339+525113]\n\tOrdinal0 [0x00BD9755+104277]\n\tOrdinal0 [0x00BF53C0+218048]\n\tOrdinal0 [0x00BEAAD0+174800]\n\tOrdinal0 [0x00BF3D7C+212348]\n\tOrdinal0 [0x00BEA94B+174411]\n\tOrdinal0 [0x00BD2528+75048]\n\tOrdinal0 [0x00BD35A0+79264]\n\tOrdinal0 [0x00BD3539+79161]\n\tOrdinal0 [0x00D6D4D7+1758423]\n\tGetHandleVerifier [0x00F75D96+1050070]\n\tGetHandleVerifier [0x00F75AE1+1049377]\n\tGetHandleVerifier [0x00F80927+1093991]\n\tGetHandleVerifier [0x00F76396+1051606]\n\tOrdinal0 [0x00D659D6+1726934]\n\tOrdinal0 [0x00D6EA4B+1763915]\n\tOrdinal0 [0x00D6EBB3+1764275]\n\tOrdinal0 [0x00D84AD5+1854165]\n\tBaseThreadInitThunk [0x77756359+25]\n\tRtlGetAppContainerNamedObjectPath [0x77AA7C24+228]\n\tRtlGetAppContainerNamedObjectPath [0x77AA7BF4+180]\n\n",
    "statusTrace" : "  File \"d:\\program files (x86)\\lib\\site-packages\\pluggy\\callers.py\", line 187, in _multicall\n    res = hook_impl.function(*args)\n  File \"d:\\program files (x86)\\lib\\site-packages\\_pytest\\fixtures.py\", line 1117, in pytest_fixture_setup\n    result = call_fixture_func(fixturefunc, request, kwargs)\n  File \"d:\\program files (x86)\\lib\\site-packages\\_pytest\\fixtures.py\", line 915, in call_fixture_func\n    fixture_result = next(generator)\n  File \"D:\\seleniumweb\\saas\\TestCase\\test_system\\conftest.py\", line 11, in start_module\n    loc(driver).get_system()\n  File \"D:\\seleniumweb\\saas\\Locators\\SystemLocators\\system_locators.py\", line 13, in get_system\n    self.driver.find_element(*self.click_subscribe).click()\n  File \"d:\\program files (x86)\\lib\\site-packages\\selenium\\webdriver\\remote\\webdriver.py\", line 1094, in find_element\n    return self.execute(Command.FIND_ELEMENT, {\n  File \"d:\\program files (x86)\\lib\\site-packages\\selenium\\webdriver\\remote\\webdriver.py\", line 349, in execute\n    self.error_handler.check_response(response)\n  File \"d:\\program files (x86)\\lib\\site-packages\\selenium\\webdriver\\remote\\errorhandler.py\", line 240, in check_response\n    raise exception_class(message, screen, stacktrace)\n",
    "steps" : [ ],
    "attachments" : [ ],
    "parameters" : [ ],
    "stepsCount" : 0,
    "hasContent" : true,
    "attachmentsCount" : 0,
    "shouldDisplayMessage" : true
  } ],
  "afterStages" : [ {
    "name" : "project_session_login::0",
    "time" : {
      "start" : 1599732237315,
      "stop" : 1599732239555,
      "duration" : 2240
    },
    "status" : "passed",
    "steps" : [ ],
    "attachments" : [ ],
    "parameters" : [ ],
    "stepsCount" : 0,
    "hasContent" : false,
    "attachmentsCount" : 0,
    "shouldDisplayMessage" : false
  }, {
    "name" : "_django_setup_unittest::0",
    "time" : {
      "start" : 1599732237313,
      "stop" : 1599732237313,
      "duration" : 0
    },
    "status" : "passed",
    "steps" : [ ],
    "attachments" : [ ],
    "parameters" : [ ],
    "stepsCount" : 0,
    "hasContent" : false,
    "attachmentsCount" : 0,
    "shouldDisplayMessage" : false
  } ],
  "labels" : [ {
    "name" : "tag",
    "value" : "smoke"
  }, {
    "name" : "suite",
    "value" : "system_test"
  }, {
    "name" : "subSuite",
    "value" : "TestSystem"
  }, {
    "name" : "host",
    "value" : "DESKTOP-BQG3M1K"
  }, {
    "name" : "thread",
    "value" : "21020-MainThread"
  }, {
    "name" : "framework",
    "value" : "pytest"
  }, {
    "name" : "language",
    "value" : "cpython3"
  }, {
    "name" : "package",
    "value" : "system_test"
  }, {
    "name" : "resultFormat",
    "value" : "allure2"
  } ],
  "parameters" : [ {
    "name" : "data",
    "value" : "{'name': '正常用例', 'add_name': '自动化测试项目'}"
  } ],
  "links" : [ ],
  "hidden" : true,
  "retry" : true,
  "extra" : {
    "categories" : [ ],
    "tags" : [ "smoke" ]
  },
  "source" : "484d98f29e3f33d5.json",
  "parameterValues" : [ "{'name': '正常用例', 'add_name': '自动化测试项目'}" ]
}