{
  "uid" : "6bfd4b135e41978a",
  "name" : "test_06",
  "fullName" : "system_test.TestSystem#test_06",
  "historyId" : "233e140291f9d9100eebb9f09140f3e6",
  "time" : {
    "start" : 1600070980310,
    "stop" : 1600071021376,
    "duration" : 41066
  },
  "status" : "broken",
  "statusMessage" : "selenium.common.exceptions.TimeoutException: Message:",
  "statusTrace" : "self = <Locators.SystemLocators.role_locators.RoleLocators object at 0x00F70358>, locator = ('class name', 'btn_sq')\n\n    def wait_vs(self, locator):\n        try:\n>           WebDriverWait(self.driver, timeout=20, poll_frequency=0.5).until(EC.visibility_of_element_located(locator))\n\n..\\..\\Common\\plugs\\basepage.py:15: \n_ _ _ _ _ _ _ _ _ _ _ _ _ _ _ _ _ _ _ _ _ _ _ _ _ _ _ _ _ _ _ _ _ _ _ _ _ _ _ _ _ _ _ _ _ _ _ _ _ _ _ _ _ _ _ _ _ _ _ _ _ _ _ _ _ _ _ _ _ _ _ _ _ _ _ _ _ _ _ _ _ _ \n\nself = <selenium.webdriver.support.wait.WebDriverWait (session=\"7ef05fa1248d99c839ffe70c82da36ae\")>\nmethod = <selenium.webdriver.support.expected_conditions.visibility_of_element_located object at 0x00F70130>, message = ''\n\n    def until(self, method, message=''):\n        \"\"\"Calls the method provided with the driver as an argument until the \\\n        return value is not False.\"\"\"\n        screen = None\n        stacktrace = None\n    \n        end_time = time.time() + self._timeout\n        while True:\n            try:\n                value = method(self._driver)\n                if value:\n                    return value\n            except self._ignored_exceptions as exc:\n                screen = getattr(exc, 'screen', None)\n                stacktrace = getattr(exc, 'stacktrace', None)\n            time.sleep(self._poll)\n            if time.time() > end_time:\n                break\n>       raise TimeoutException(message, screen, stacktrace)\nE       selenium.common.exceptions.TimeoutException: Message:\n\nc:\\users\\user\\pycharmprojects\\pythonproject\\venv\\lib\\site-packages\\selenium\\webdriver\\support\\wait.py:80: TimeoutException\n\nDuring handling of the above exception, another exception occurred:\n\nself = <TestCase.test_system.system_test.TestSystem object at 0x00F70DD8>\nstart_module = <selenium.webdriver.chrome.webdriver.WebDriver (session=\"7ef05fa1248d99c839ffe70c82da36ae\")>\n\n    @allure.story(\"角色管理修改角色权限\")\n    @pytest.mark.smoke\n    def test_06(self, start_module):\n        self.driver = start_module\n>       loc_alter = loc_role(self.driver).alter_role()\n\nsystem_test.py:51: \n_ _ _ _ _ _ _ _ _ _ _ _ _ _ _ _ _ _ _ _ _ _ _ _ _ _ _ _ _ _ _ _ _ _ _ _ _ _ _ _ _ _ _ _ _ _ _ _ _ _ _ _ _ _ _ _ _ _ _ _ _ _ _ _ _ _ _ _ _ _ _ _ _ _ _ _ _ _ _ _ _ _ \n..\\..\\Locators\\SystemLocators\\role_locators.py:32: in alter_role\n    self.click_element(self.alter_, num=-1)\n..\\..\\Common\\plugs\\basepage.py:37: in click_element\n    self.get_element(locator, num).click()\n..\\..\\Common\\plugs\\basepage.py:26: in get_element\n    self.wait_vs(locator)\n..\\..\\Common\\plugs\\basepage.py:17: in wait_vs\n    WebDriverWait(self.driver, timeout=10, poll_frequency=0.5).until(EC.presence_of_all_elements_located(locator))\n_ _ _ _ _ _ _ _ _ _ _ _ _ _ _ _ _ _ _ _ _ _ _ _ _ _ _ _ _ _ _ _ _ _ _ _ _ _ _ _ _ _ _ _ _ _ _ _ _ _ _ _ _ _ _ _ _ _ _ _ _ _ _ _ _ _ _ _ _ _ _ _ _ _ _ _ _ _ _ _ _ _ \n\nself = <selenium.webdriver.support.wait.WebDriverWait (session=\"7ef05fa1248d99c839ffe70c82da36ae\")>\nmethod = <selenium.webdriver.support.expected_conditions.presence_of_all_elements_located object at 0x00F70268>, message = ''\n\n    def until(self, method, message=''):\n        \"\"\"Calls the method provided with the driver as an argument until the \\\n        return value is not False.\"\"\"\n        screen = None\n        stacktrace = None\n    \n        end_time = time.time() + self._timeout\n        while True:\n            try:\n                value = method(self._driver)\n                if value:\n                    return value\n            except self._ignored_exceptions as exc:\n                screen = getattr(exc, 'screen', None)\n                stacktrace = getattr(exc, 'stacktrace', None)\n            time.sleep(self._poll)\n            if time.time() > end_time:\n                break\n>       raise TimeoutException(message, screen, stacktrace)\nE       selenium.common.exceptions.TimeoutException: Message:\n\nc:\\users\\user\\pycharmprojects\\pythonproject\\venv\\lib\\site-packages\\selenium\\webdriver\\support\\wait.py:80: TimeoutException",
  "flaky" : false,
  "newFailed" : false,
  "beforeStages" : [ {
    "name" : "project_session_login",
    "time" : {
      "start" : 1600070919142,
      "stop" : 1600070932954,
      "duration" : 13812
    },
    "status" : "passed",
    "steps" : [ ],
    "attachments" : [ ],
    "parameters" : [ ],
    "stepsCount" : 0,
    "hasContent" : false,
    "attachmentsCount" : 0,
    "shouldDisplayMessage" : false
  }, {
    "name" : "start_module",
    "time" : {
      "start" : 1600070932954,
      "stop" : 1600070935282,
      "duration" : 2328
    },
    "status" : "passed",
    "steps" : [ ],
    "attachments" : [ ],
    "parameters" : [ ],
    "stepsCount" : 0,
    "hasContent" : false,
    "attachmentsCount" : 0,
    "shouldDisplayMessage" : false
  } ],
  "afterStages" : [ {
    "name" : "project_session_login::0",
    "time" : {
      "start" : 1600071025079,
      "stop" : 1600071033085,
      "duration" : 8006
    },
    "status" : "passed",
    "steps" : [ ],
    "attachments" : [ ],
    "parameters" : [ ],
    "stepsCount" : 0,
    "hasContent" : false,
    "attachmentsCount" : 0,
    "shouldDisplayMessage" : false
  }, {
    "name" : "start_module::0",
    "time" : {
      "start" : 1600071022750,
      "stop" : 1600071025076,
      "duration" : 2326
    },
    "status" : "passed",
    "steps" : [ ],
    "attachments" : [ ],
    "parameters" : [ ],
    "stepsCount" : 0,
    "hasContent" : false,
    "attachmentsCount" : 0,
    "shouldDisplayMessage" : false
  } ],
  "labels" : [ {
    "name" : "story",
    "value" : "角色管理修改角色权限"
  }, {
    "name" : "tag",
    "value" : "smoke"
  }, {
    "name" : "suite",
    "value" : "system_test"
  }, {
    "name" : "subSuite",
    "value" : "TestSystem"
  }, {
    "name" : "host",
    "value" : "DESKTOP-BQG3M1K"
  }, {
    "name" : "thread",
    "value" : "19432-MainThread"
  }, {
    "name" : "framework",
    "value" : "pytest"
  }, {
    "name" : "language",
    "value" : "cpython3"
  }, {
    "name" : "package",
    "value" : "system_test"
  }, {
    "name" : "resultFormat",
    "value" : "allure2"
  } ],
  "parameters" : [ ],
  "links" : [ ],
  "hidden" : true,
  "retry" : true,
  "extra" : {
    "categories" : [ ],
    "tags" : [ "smoke" ]
  },
  "source" : "6bfd4b135e41978a.json",
  "parameterValues" : [ ]
}