{
  "uid" : "8e3390a076e19da0",
  "name" : "test_06",
  "fullName" : "role_test.TestSystem#test_06",
  "historyId" : "3008dcf46e04416048e626907f01de21",
  "time" : {
    "start" : 1600070765268,
    "stop" : 1600070765268,
    "duration" : 0
  },
  "status" : "broken",
  "statusMessage" : "selenium.common.exceptions.TimeoutException: Message:",
  "statusTrace" : "self = <Locators.SystemLocators.system_locators.SystemLocators object at 0x03A4AC58>, locator = ('class name', 'card_wrap_icon')\n\n    def wait_vs(self, locator):\n        try:\n>           WebDriverWait(self.driver, timeout=20, poll_frequency=0.5).until(EC.visibility_of_element_located(locator))\n\n..\\..\\Common\\plugs\\basepage.py:15: \n_ _ _ _ _ _ _ _ _ _ _ _ _ _ _ _ _ _ _ _ _ _ _ _ _ _ _ _ _ _ _ _ _ _ _ _ _ _ _ _ _ _ _ _ _ _ _ _ _ _ _ _ _ _ _ _ _ _ _ _ _ _ _ _ _ _ _ _ _ _ _ _ _ _ _ _ _ _ _ _ _ _ \n\nself = <selenium.webdriver.support.wait.WebDriverWait (session=\"129ec960058032e2b34b3b98b52be464\")>\nmethod = <selenium.webdriver.support.expected_conditions.visibility_of_element_located object at 0x03A4AC10>, message = ''\n\n    def until(self, method, message=''):\n        \"\"\"Calls the method provided with the driver as an argument until the \\\n        return value is not False.\"\"\"\n        screen = None\n        stacktrace = None\n    \n        end_time = time.time() + self._timeout\n        while True:\n            try:\n                value = method(self._driver)\n                if value:\n                    return value\n            except self._ignored_exceptions as exc:\n                screen = getattr(exc, 'screen', None)\n                stacktrace = getattr(exc, 'stacktrace', None)\n            time.sleep(self._poll)\n            if time.time() > end_time:\n                break\n>       raise TimeoutException(message, screen, stacktrace)\nE       selenium.common.exceptions.TimeoutException: Message:\n\nc:\\users\\user\\pycharmprojects\\pythonproject\\venv\\lib\\site-packages\\selenium\\webdriver\\support\\wait.py:80: TimeoutException\n\nDuring handling of the above exception, another exception occurred:\n\nproject_session_login = <selenium.webdriver.chrome.webdriver.WebDriver (session=\"129ec960058032e2b34b3b98b52be464\")>\n\n    @pytest.fixture(scope=\"class\")\n    def start_module(project_session_login):\n        global driver\n        driver = project_session_login\n        driver.implicitly_wait(20)\n>       loc(driver).get_system()\n\nconftest.py:11: \n_ _ _ _ _ _ _ _ _ _ _ _ _ _ _ _ _ _ _ _ _ _ _ _ _ _ _ _ _ _ _ _ _ _ _ _ _ _ _ _ _ _ _ _ _ _ _ _ _ _ _ _ _ _ _ _ _ _ _ _ _ _ _ _ _ _ _ _ _ _ _ _ _ _ _ _ _ _ _ _ _ _ \n..\\..\\Locators\\SystemLocators\\system_locators.py:10: in get_system\n    self.click_element(self.click_subscribe)\n..\\..\\Common\\plugs\\basepage.py:35: in click_element\n    self.get_element(locator).click()\n..\\..\\Common\\plugs\\basepage.py:23: in get_element\n    self.wait_vs(locator)\n..\\..\\Common\\plugs\\basepage.py:17: in wait_vs\n    WebDriverWait(self.driver, timeout=10, poll_frequency=0.5).until(EC.presence_of_all_elements_located(locator))\n_ _ _ _ _ _ _ _ _ _ _ _ _ _ _ _ _ _ _ _ _ _ _ _ _ _ _ _ _ _ _ _ _ _ _ _ _ _ _ _ _ _ _ _ _ _ _ _ _ _ _ _ _ _ _ _ _ _ _ _ _ _ _ _ _ _ _ _ _ _ _ _ _ _ _ _ _ _ _ _ _ _ \n\nself = <selenium.webdriver.support.wait.WebDriverWait (session=\"129ec960058032e2b34b3b98b52be464\")>\nmethod = <selenium.webdriver.support.expected_conditions.presence_of_all_elements_located object at 0x039EFCA0>, message = ''\n\n    def until(self, method, message=''):\n        \"\"\"Calls the method provided with the driver as an argument until the \\\n        return value is not False.\"\"\"\n        screen = None\n        stacktrace = None\n    \n        end_time = time.time() + self._timeout\n        while True:\n            try:\n                value = method(self._driver)\n                if value:\n                    return value\n            except self._ignored_exceptions as exc:\n                screen = getattr(exc, 'screen', None)\n                stacktrace = getattr(exc, 'stacktrace', None)\n            time.sleep(self._poll)\n            if time.time() > end_time:\n                break\n>       raise TimeoutException(message, screen, stacktrace)\nE       selenium.common.exceptions.TimeoutException: Message:\n\nc:\\users\\user\\pycharmprojects\\pythonproject\\venv\\lib\\site-packages\\selenium\\webdriver\\support\\wait.py:80: TimeoutException",
  "flaky" : false,
  "newFailed" : false,
  "beforeStages" : [ {
    "name" : "start_module",
    "time" : {
      "start" : 1600070724021,
      "stop" : 1600070765049,
      "duration" : 41028
    },
    "status" : "broken",
    "statusMessage" : "selenium.common.exceptions.TimeoutException: Message: \n\n",
    "statusTrace" : "  File \"c:\\users\\user\\pycharmprojects\\pythonproject\\venv\\lib\\site-packages\\pluggy\\callers.py\", line 187, in _multicall\n    res = hook_impl.function(*args)\n  File \"c:\\users\\user\\pycharmprojects\\pythonproject\\venv\\lib\\site-packages\\_pytest\\fixtures.py\", line 1117, in pytest_fixture_setup\n    result = call_fixture_func(fixturefunc, request, kwargs)\n  File \"c:\\users\\user\\pycharmprojects\\pythonproject\\venv\\lib\\site-packages\\_pytest\\fixtures.py\", line 915, in call_fixture_func\n    fixture_result = next(generator)\n  File \"D:\\seleniumweb\\saas\\TestCase\\test_system\\conftest.py\", line 11, in start_module\n    loc(driver).get_system()\n  File \"D:\\seleniumweb\\saas\\Locators\\SystemLocators\\system_locators.py\", line 10, in get_system\n    self.click_element(self.click_subscribe)\n  File \"D:\\seleniumweb\\saas\\Common\\plugs\\basepage.py\", line 35, in click_element\n    self.get_element(locator).click()\n  File \"D:\\seleniumweb\\saas\\Common\\plugs\\basepage.py\", line 23, in get_element\n    self.wait_vs(locator)\n  File \"D:\\seleniumweb\\saas\\Common\\plugs\\basepage.py\", line 17, in wait_vs\n    WebDriverWait(self.driver, timeout=10, poll_frequency=0.5).until(EC.presence_of_all_elements_located(locator))\n  File \"c:\\users\\user\\pycharmprojects\\pythonproject\\venv\\lib\\site-packages\\selenium\\webdriver\\support\\wait.py\", line 80, in until\n    raise TimeoutException(message, screen, stacktrace)\n",
    "steps" : [ ],
    "attachments" : [ ],
    "parameters" : [ ],
    "stepsCount" : 0,
    "hasContent" : true,
    "attachmentsCount" : 0,
    "shouldDisplayMessage" : true
  }, {
    "name" : "project_session_login",
    "time" : {
      "start" : 1600070710766,
      "stop" : 1600070724020,
      "duration" : 13254
    },
    "status" : "passed",
    "steps" : [ ],
    "attachments" : [ ],
    "parameters" : [ ],
    "stepsCount" : 0,
    "hasContent" : false,
    "attachmentsCount" : 0,
    "shouldDisplayMessage" : false
  } ],
  "afterStages" : [ {
    "name" : "project_session_login::0",
    "time" : {
      "start" : 1600070806610,
      "stop" : 1600070808910,
      "duration" : 2300
    },
    "status" : "passed",
    "steps" : [ ],
    "attachments" : [ ],
    "parameters" : [ ],
    "stepsCount" : 0,
    "hasContent" : false,
    "attachmentsCount" : 0,
    "shouldDisplayMessage" : false
  } ],
  "labels" : [ {
    "name" : "tag",
    "value" : "smoke"
  }, {
    "name" : "suite",
    "value" : "role_test"
  }, {
    "name" : "subSuite",
    "value" : "TestSystem"
  }, {
    "name" : "host",
    "value" : "DESKTOP-BQG3M1K"
  }, {
    "name" : "thread",
    "value" : "20380-MainThread"
  }, {
    "name" : "framework",
    "value" : "pytest"
  }, {
    "name" : "language",
    "value" : "cpython3"
  }, {
    "name" : "package",
    "value" : "role_test"
  }, {
    "name" : "resultFormat",
    "value" : "allure2"
  } ],
  "parameters" : [ ],
  "links" : [ ],
  "hidden" : true,
  "retry" : true,
  "extra" : {
    "categories" : [ ],
    "tags" : [ "smoke" ]
  },
  "source" : "8e3390a076e19da0.json",
  "parameterValues" : [ ]
}