{
  "uid" : "c36a5d6e60e6e23",
  "name" : "test_02[data0]",
  "fullName" : "system_test.TestSystem#test_02",
  "historyId" : "113d876f58bcc326ec0b3187d110f26a",
  "time" : {
    "start" : 1600831366115,
    "stop" : 1600831377256,
    "duration" : 11141
  },
  "status" : "broken",
  "statusMessage" : "selenium.common.exceptions.TimeoutException: Message:",
  "statusTrace" : "self = <TestCase.test_system.system_test.TestSystem object at 0x09D560E8>, start_module = <selenium.webdriver.chrome.webdriver.WebDriver (session=\"2eecf0d9b8cf3a7942268479b39a5626\")>, data = {'add_name': '自动化测试项目', 'name': '正常用例'}\n\n    @allure.story(\"实验室管理新增项目组\")\n    @pytest.mark.smoke\n    @pytest.mark.parametrize(\"data\", LD.add_name)\n    def test_02(self, start_module, data):\n        self.driver = start_module\n>       loc_add = loc(self.driver).get_add_sub(data[\"add_name\"])\n\nsystem_test.py:21: \n_ _ _ _ _ _ _ _ _ _ _ _ _ _ _ _ _ _ _ _ _ _ _ _ _ _ _ _ _ _ _ _ _ _ _ _ _ _ _ _ _ _ _ _ _ _ _ _ _ _ _ _ _ _ _ _ _ _ _ _ _ _ _ _ _ _ _ _ _ _ _ _ _ _ _ _ _ _ _ _ _ _ _ _ _ _ _ _ _ _ _ _ _ _ _ _ _ _ _ _ _ _ _ _ _ _ _ _ _ _ _ _ _ _ _ _\n..\\..\\Locators\\SystemLocators\\subscribe_locators.py:43: in get_add_sub\n    add_text = self.get_element_text(self.success_name, num=4)\n..\\..\\Common\\plugs\\basepage.py:62: in get_element_text\n    return self.get_element(EC.invisibility_of_element_located, locator, num).text\n..\\..\\Common\\plugs\\basepage.py:23: in get_element\n    self.wait_vs(ec, locator)\n..\\..\\Common\\plugs\\basepage.py:14: in wait_vs\n    WebDriverWait(self.driver, timeout=10, poll_frequency=0.5).until(ec(locator))\n_ _ _ _ _ _ _ _ _ _ _ _ _ _ _ _ _ _ _ _ _ _ _ _ _ _ _ _ _ _ _ _ _ _ _ _ _ _ _ _ _ _ _ _ _ _ _ _ _ _ _ _ _ _ _ _ _ _ _ _ _ _ _ _ _ _ _ _ _ _ _ _ _ _ _ _ _ _ _ _ _ _ _ _ _ _ _ _ _ _ _ _ _ _ _ _ _ _ _ _ _ _ _ _ _ _ _ _ _ _ _ _ _ _ _ _\n\nself = <selenium.webdriver.support.wait.WebDriverWait (session=\"2eecf0d9b8cf3a7942268479b39a5626\")>, method = <selenium.webdriver.support.expected_conditions.invisibility_of_element_located object at 0x09D56880>, message = ''\n\n    def until(self, method, message=''):\n        \"\"\"Calls the method provided with the driver as an argument until the \\\n        return value is not False.\"\"\"\n        screen = None\n        stacktrace = None\n    \n        end_time = time.time() + self._timeout\n        while True:\n            try:\n                value = method(self._driver)\n                if value:\n                    return value\n            except self._ignored_exceptions as exc:\n                screen = getattr(exc, 'screen', None)\n                stacktrace = getattr(exc, 'stacktrace', None)\n            time.sleep(self._poll)\n            if time.time() > end_time:\n                break\n>       raise TimeoutException(message, screen, stacktrace)\nE       selenium.common.exceptions.TimeoutException: Message:\n\nc:\\users\\user\\pycharmprojects\\pythonproject\\venv\\lib\\site-packages\\selenium\\webdriver\\support\\wait.py:80: TimeoutException",
  "flaky" : false,
  "newFailed" : false,
  "beforeStages" : [ {
    "name" : "start_module",
    "time" : {
      "start" : 1600831362693,
      "stop" : 1600831364112,
      "duration" : 1419
    },
    "status" : "passed",
    "steps" : [ ],
    "attachments" : [ ],
    "parameters" : [ ],
    "stepsCount" : 0,
    "hasContent" : false,
    "attachmentsCount" : 0,
    "shouldDisplayMessage" : false
  }, {
    "name" : "project_session_login",
    "time" : {
      "start" : 1600831350819,
      "stop" : 1600831362693,
      "duration" : 11874
    },
    "status" : "passed",
    "steps" : [ ],
    "attachments" : [ ],
    "parameters" : [ ],
    "stepsCount" : 0,
    "hasContent" : false,
    "attachmentsCount" : 0,
    "shouldDisplayMessage" : false
  } ],
  "afterStages" : [ {
    "name" : "start_module::0",
    "time" : {
      "start" : 1600831415750,
      "stop" : 1600831417961,
      "duration" : 2211
    },
    "status" : "passed",
    "steps" : [ ],
    "attachments" : [ ],
    "parameters" : [ ],
    "stepsCount" : 0,
    "hasContent" : false,
    "attachmentsCount" : 0,
    "shouldDisplayMessage" : false
  }, {
    "name" : "project_session_login::0",
    "time" : {
      "start" : 1600831417970,
      "stop" : 1600831425982,
      "duration" : 8012
    },
    "status" : "passed",
    "steps" : [ ],
    "attachments" : [ ],
    "parameters" : [ ],
    "stepsCount" : 0,
    "hasContent" : false,
    "attachmentsCount" : 0,
    "shouldDisplayMessage" : false
  } ],
  "labels" : [ {
    "name" : "story",
    "value" : "实验室管理新增项目组"
  }, {
    "name" : "tag",
    "value" : "smoke"
  }, {
    "name" : "suite",
    "value" : "system_test"
  }, {
    "name" : "subSuite",
    "value" : "TestSystem"
  }, {
    "name" : "host",
    "value" : "DESKTOP-BQG3M1K"
  }, {
    "name" : "thread",
    "value" : "11164-MainThread"
  }, {
    "name" : "framework",
    "value" : "pytest"
  }, {
    "name" : "language",
    "value" : "cpython3"
  }, {
    "name" : "package",
    "value" : "system_test"
  }, {
    "name" : "resultFormat",
    "value" : "allure2"
  } ],
  "parameters" : [ {
    "name" : "data",
    "value" : "{'name': '正常用例', 'add_name': '自动化测试项目'}"
  } ],
  "links" : [ ],
  "hidden" : true,
  "retry" : true,
  "extra" : {
    "categories" : [ ],
    "tags" : [ "smoke" ]
  },
  "source" : "c36a5d6e60e6e23.json",
  "parameterValues" : [ "{'name': '正常用例', 'add_name': '自动化测试项目'}" ]
}