{"name": "test_03[data0]", "status": "failed", "statusDetails": {"message": "AssertionError: assert '自动化测试项目' == '修改测试项目'\n  - 修改测试项目\n  + 自动化测试项目", "trace": "self = <TestCase.test_system.system_test.TestSystem object at 0x0A5B9118>, start_module = <selenium.webdriver.chrome.webdriver.WebDriver (session=\"50264f6c694da1aa470f03883b02cf09\")>, data = {'alter_name': '修改测试项目', 'name': '正常用例'}\n\n    @allure.story(\"实验室管理修改项目组\")\n    @pytest.mark.smoke\n    @pytest.mark.parametrize(\"data\", LD.alter_name)\n    def test_03(self, start_module, data):\n        self.driver = start_module\n        loc_alter = loc(self.driver).get_details(data[\"alter_name\"])\n>       assert loc_alter == data[\"alter_name\"]\nE       AssertionError: assert '自动化测试项目' == '修改测试项目'\nE         - 修改测试项目\nE         + 自动化测试项目\n\nsystem_test.py:30: AssertionError"}, "parameters": [{"name": "data", "value": "{'name': '正常用例', 'alter_name': '修改测试项目'}"}], "start": 1600831237485, "stop": 1600831238021, "uuid": "b1bfd62f-b1f1-4a41-8b5e-2fe7e0262939", "historyId": "c11a6fad123596fc3e7619df64787b83", "testCaseId": "a6f0361e0a3f4836d152a915982de737", "fullName": "system_test.TestSystem#test_03", "labels": [{"name": "story", "value": "实验室管理修改项目组"}, {"name": "tag", "value": "smoke"}, {"name": "suite", "value": "system_test"}, {"name": "subSuite", "value": "TestSystem"}, {"name": "host", "value": "DESKTOP-BQG3M1K"}, {"name": "thread", "value": "20848-MainThread"}, {"name": "framework", "value": "pytest"}, {"name": "language", "value": "cpython3"}, {"name": "package", "value": "system_test"}]}